<?xml version="1.0" encoding="UTF-8"?>
<testng-results skipped="0" failed="0" ignored="0" total="1" passed="1">
  <reporter-output>
  </reporter-output>
  <suite name="Default suite" duration-ms="8589" started-at="2019-06-15T04:27:26Z" finished-at="2019-06-15T04:27:34Z">
    <groups>
    </groups>
    <test name="Default test" duration-ms="8589" started-at="2019-06-15T04:27:26Z" finished-at="2019-06-15T04:27:34Z">
      <class name="testcases.LinkTest">
        <test-method status="PASS" signature="beforeSuite()[pri:0, instance:testcases.LinkTest@3224f60b]" name="beforeSuite" is-config="true" duration-ms="168" started-at="2019-06-15T04:27:26Z" finished-at="2019-06-15T04:27:26Z">
          <reporter-output>
          </reporter-output>
        </test-method> <!-- beforeSuite -->
        <test-method status="PASS" signature="beforeTest()[pri:0, instance:testcases.LinkTest@3224f60b]" name="beforeTest" is-config="true" duration-ms="3372" started-at="2019-06-15T04:27:26Z" finished-at="2019-06-15T04:27:29Z">
          <reporter-output>
          </reporter-output>
        </test-method> <!-- beforeTest -->
        <test-method status="PASS" signature="beforeClass()[pri:0, instance:testcases.LinkTest@3224f60b]" name="beforeClass" is-config="true" duration-ms="3" started-at="2019-06-15T04:27:29Z" finished-at="2019-06-15T04:27:29Z">
          <reporter-output>
          </reporter-output>
        </test-method> <!-- beforeClass -->
        <test-method status="PASS" signature="beforeMethod(java.lang.reflect.Method)[pri:0, instance:testcases.LinkTest@3224f60b]" name="beforeMethod" is-config="true" duration-ms="6" started-at="2019-06-15T04:27:29Z" finished-at="2019-06-15T04:27:29Z">
          <params>
            <param index="0">
              <value>
                <![CDATA[public void testcases.LinkTest.logintest() throws java.lang.InterruptedException,java.net.MalformedURLException]]>
              </value>
            </param>
          </params>
          <reporter-output>
          </reporter-output>
        </test-method> <!-- beforeMethod -->
        <test-method status="PASS" signature="logintest()[pri:0, instance:testcases.LinkTest@3224f60b]" name="logintest" duration-ms="3847" started-at="2019-06-15T04:27:29Z" finished-at="2019-06-15T04:27:33Z">
          <reporter-output>
          </reporter-output>
        </test-method> <!-- logintest -->
        <test-method status="PASS" signature="afterMethod(org.testng.ITestResult)[pri:0, instance:testcases.LinkTest@3224f60b]" name="afterMethod" is-config="true" duration-ms="703" started-at="2019-06-15T04:27:33Z" finished-at="2019-06-15T04:27:34Z">
          <params>
            <param index="0">
              <value>
                <![CDATA[[TestResult name=logintest status=SUCCESS method=LinkTest.logintest()[pri:0, instance:testcases.LinkTest@3224f60b] output={null}]]]>
              </value>
            </param>
          </params>
          <reporter-output>
          </reporter-output>
        </test-method> <!-- afterMethod -->
        <test-method status="PASS" signature="afterTest()[pri:0, instance:testcases.LinkTest@3224f60b]" name="afterTest" is-config="true" duration-ms="645" started-at="2019-06-15T04:27:34Z" finished-at="2019-06-15T04:27:34Z">
          <reporter-output>
          </reporter-output>
        </test-method> <!-- afterTest -->
      </class> <!-- testcases.LinkTest -->
    </test> <!-- Default test -->
  </suite> <!-- Default suite -->
</testng-results>
